0 info it worked if it ends with ok
1 verbose cli [ 'node',
1 verbose cli   '/usr/local/bin/npm',
1 verbose cli   'install',
1 verbose cli   'angular-ui',
1 verbose cli   '--save-dev' ]
2 info using npm@1.3.24
3 info using node@v0.10.25
4 verbose readDependencies using package.json deps
5 verbose cache add [ 'angular-ui', null ]
6 verbose cache add name=undefined spec="angular-ui" args=["angular-ui",null]
7 verbose parsed url { protocol: null,
7 verbose parsed url   slashes: null,
7 verbose parsed url   auth: null,
7 verbose parsed url   host: null,
7 verbose parsed url   port: null,
7 verbose parsed url   hostname: null,
7 verbose parsed url   hash: null,
7 verbose parsed url   search: null,
7 verbose parsed url   query: null,
7 verbose parsed url   pathname: 'angular-ui',
7 verbose parsed url   path: 'angular-ui',
7 verbose parsed url   href: 'angular-ui' }
8 silly lockFile b31bf997-angular-ui angular-ui
9 verbose lock angular-ui /Users/jimmitjoo/.npm/b31bf997-angular-ui.lock
10 silly lockFile b31bf997-angular-ui angular-ui
11 silly lockFile b31bf997-angular-ui angular-ui
12 verbose addNamed [ 'angular-ui', '' ]
13 verbose addNamed [ null, '*' ]
14 silly lockFile edb41cd6-angular-ui angular-ui@
15 verbose lock angular-ui@ /Users/jimmitjoo/.npm/edb41cd6-angular-ui.lock
16 silly addNameRange { name: 'angular-ui', range: '*', hasData: false }
17 verbose url raw angular-ui
18 verbose url resolving [ 'https://registry.npmjs.org/', './angular-ui' ]
19 verbose url resolved https://registry.npmjs.org/angular-ui
20 info trying registry request attempt 1 at 17:52:07
21 http GET https://registry.npmjs.org/angular-ui
22 http 404 https://registry.npmjs.org/angular-ui
23 silly registry.get cb [ 404,
23 silly registry.get   { server: 'CouchDB/1.5.0 (Erlang OTP/R16B03)',
23 silly registry.get     'content-type': 'application/json',
23 silly registry.get     'cache-control': 'max-age=0',
23 silly registry.get     'content-length': '51',
23 silly registry.get     'accept-ranges': 'bytes',
23 silly registry.get     date: 'Fri, 08 May 2015 15:48:20 GMT',
23 silly registry.get     via: '1.1 varnish',
23 silly registry.get     age: '0',
23 silly registry.get     connection: 'keep-alive',
23 silly registry.get     'x-served-by': 'cache-fra1239-FRA',
23 silly registry.get     'x-cache': 'MISS',
23 silly registry.get     'x-cache-hits': '0',
23 silly registry.get     'x-timer': 'S1431100099.297827,VS0,VE715' } ]
24 silly lockFile edb41cd6-angular-ui angular-ui@
25 silly lockFile edb41cd6-angular-ui angular-ui@
26 error 404 'angular-ui' is not in the npm registry.
26 error 404 You should bug the author to publish it
26 error 404
26 error 404 Note that you can also install from a
26 error 404 tarball, folder, or http url, or git url.
27 error System Darwin 14.3.0
28 error command "node" "/usr/local/bin/npm" "install" "angular-ui" "--save-dev"
29 error cwd /Users/jimmitjoo/code/timetorun
30 error node -v v0.10.25
31 error npm -v 1.3.24
32 error code E404
33 verbose exit [ 1, true ]
